
                                      ARENA Simulation Results
                                            Mahadi Hassan

                                  Summary for Replication 1 of 1

Project: Unnamed Project                                             Run execution date : 1/28/2020
Analyst: Mahadi Hassan                                               Model revision date: 1/28/2020

Replication ended at time      : 5.2570941 Hours 
Base Time Units: Hours

                                           TALLY VARIABLES

Identifier                                  Average   Half Width  Minimum    Maximum   Observations
___________________________________________________________________________________________________

Entity 1.VATime                             .01719     (Insuf)    .01118     .02310         50    
Entity 1.NVATime                            .00000     (Insuf)    .00000     .00000         50    
Entity 1.WaitTime                           .00151     (Insuf)    .00000     .01568         50    
Entity 1.TranTime                           .00000     (Insuf)    .00000     .00000         50    
Entity 1.OtherTime                          .00000     (Insuf)    .00000     .00000         50    
Entity 1.TotalTime                          .01869     (Insuf)    .01118     .02990         50    
Process 1.Queue.WaitingTime                 .00151     (Insuf)    .00000     .01568         50    

                                     DISCRETE-CHANGE VARIABLES

Identifier                                  Average   Half Width  Minimum    Maximum   Final Value
___________________________________________________________________________________________________

Entity 1.WIP                                .17781     (Insuf)    .00000     2.0000     .00000    
Resource 1.NumberBusy                       .16345     (Insuf)    .00000     1.0000     .00000    
Resource 1.NumberScheduled                  1.0000     (Insuf)    1.0000     1.0000     1.0000    
Resource 1.Utilization                      .16345     (Insuf)    .00000     1.0000     .00000    
Process 1.Queue.NumberInQueue               .01435     (Insuf)    .00000     1.0000     .00000    

                                             OUTPUTS

Identifier                                   Value
_____________________________________________________________

Entity 1.NumberIn                           50.000    
Entity 1.NumberOut                          50.000    
Resource 1.NumberSeized                     50.000    
Resource 1.ScheduledUtilization             .16345    
System.NumberOut                            50.000    


Simulation run time: 0.02 minutes.
Simulation run complete.
