
                                      ARENA Simulation Results
                                            Mahadi Hassan

                                  Summary for Replication 1 of 1

Project: Unnamed Project                                             Run execution date : 2/12/2020
Analyst: Mahadi Hassan                                               Model revision date: 2/12/2020

Replication ended at time      : 57.865248 Hours 
Base Time Units: Hours

                                           TALLY VARIABLES

Identifier                                  Average   Half Width  Minimum    Maximum   Observations
___________________________________________________________________________________________________

Entity 1.VATime                             .00000     (Insuf)    .00000     .00000         24    
Entity 1.NVATime                            .00000     (Insuf)    .00000     .00000         24    
Entity 1.WaitTime                           3.7878     (Insuf)    .00000     24.253         24    
Entity 1.TranTime                           .00000     (Insuf)    .00000     .00000         24    
Entity 1.OtherTime                          .00000     (Insuf)    .00000     .00000         24    
Entity 1.TotalTime                          1.7967     (Insuf)    .00000     10.187         24    
Batch 1.Queue.WaitingTime                   1.8939     (Insuf)    .00000     10.187         48    

                                     DISCRETE-CHANGE VARIABLES

Identifier                                  Average   Half Width  Minimum    Maximum   Final Value
___________________________________________________________________________________________________

Entity 1.WIP                                1.5848     (Insuf)    .00000     6.0000     2.0000    
Batch 1.Queue.NumberInQueue                 1.5848     (Insuf)    .00000     4.0000     2.0000    

                                             OUTPUTS

Identifier                                   Value
_____________________________________________________________

Entity 1.NumberIn                           74.000    
Entity 1.NumberOut                          72.000    
System.NumberOut                            24.000    


Simulation run time: 0.02 minutes.
Simulation run complete.
