
                                      ARENA Simulation Results
                                            Mahadi Hassan

                                  Summary for Replication 1 of 1

Project: Unnamed Project                                             Run execution date : 2/12/2020
Analyst: Mahadi Hassan                                               Model revision date: 2/12/2020

Replication ended at time      : 57.865248 Hours 
Base Time Units: Hours

                                           TALLY VARIABLES

Identifier                                  Average   Half Width  Minimum    Maximum   Observations
___________________________________________________________________________________________________

Entity 1.VATime                             .00000     (Insuf)    .00000     .00000          6    
Entity 1.NVATime                            .00000     (Insuf)    .00000     .00000          6    
Entity 1.WaitTime                           40.346     (Insuf)    19.473     80.983          6    
Entity 1.TranTime                           .00000     (Insuf)    .00000     .00000          6    
Entity 1.OtherTime                          .00000     (Insuf)    .00000     .00000          6    
Entity 1.TotalTime                          8.5302     (Insuf)    4.2426     14.601          6    
Batch 1.Queue.WaitingTime                   5.0433     (Insuf)    .00000     14.601         48    

                                     DISCRETE-CHANGE VARIABLES

Identifier                                  Average   Half Width  Minimum    Maximum   Final Value
___________________________________________________________________________________________________

Entity 1.WIP                                4.1972     (Insuf)    .00000     9.0000     2.0000    
Batch 1.Queue.NumberInQueue                 4.1972     (Insuf)    .00000     8.0000     2.0000    

                                             OUTPUTS

Identifier                                   Value
_____________________________________________________________

Entity 1.NumberIn                           56.000    
Entity 1.NumberOut                          54.000    
System.NumberOut                            6.0000    


Simulation run time: 0.02 minutes.
Simulation run complete.
